<html>
<head>
<title>TestNG:  First Test Class</title>
<link href="../testng.css" rel="stylesheet" type="text/css" />
<link href="../my-testng.css" rel="stylesheet" type="text/css" />

<style type="text/css">
.log { display: none;} 
.stack-trace { display: none;} 
</style>
<script type="text/javascript">
<!--
function flip(e) {
  current = e.style.display;
  if (current == 'block') {
    e.style.display = 'none';
    return 0;
  }
  else {
    e.style.display = 'block';
    return 1;
  }
}

function toggleBox(szDivId, elem, msg1, msg2)
{
  var res = -1;  if (document.getElementById) {
    res = flip(document.getElementById(szDivId));
  }
  else if (document.all) {
    // this is the way old msie versions work
    res = flip(document.all[szDivId]);
  }
  if(elem) {
    if(res == 0) elem.innerHTML = msg1; else elem.innerHTML = msg2;
  }

}

function toggleAllBoxes() {
  if (document.getElementsByTagName) {
    d = document.getElementsByTagName('div');
    for (i = 0; i < d.length; i++) {
      if (d[i].className == 'log') {
        flip(d[i]);
      }
    }
  }
}

// -->
</script>

</head>
<body>
<h2 align='center'>First Test Class</h2><table border='1' align="center">
<tr>
<td>Tests passed/Failed/Skipped:</td><td>10/1/0</td>
</tr><tr>
<td>Started on:</td><td>Wed May 08 19:25:59 IST 2024</td>
</tr>
<tr><td>Total time:</td><td>0 seconds (135 ms)</td>
</tr><tr>
<td>Included groups:</td><td></td>
</tr><tr>
<td>Excluded groups:</td><td></td>
</tr>
</table><p/>
<small><i>(Hover the method name to see the test class name)</i></small><p/>
<table width='100%' border='1' class='invocation-failed'>
<tr><td colspan='4' align='center'><b>FAILED TESTS</b></td></tr>
<tr><td><b>Test method</b></td>
<td width="30%"><b>Exception</b></td>
<td width="10%"><b>Time (seconds)</b></td>
<td><b>Instance</b></td>
</tr>
<tr>
<td title='com.MySeleniumProject.Tests.FirstTestClass.Firsttest4()'><b>Firsttest4</b><br>Test class: com.MySeleniumProject.Tests.FirstTestClass</td>
<td><div><pre>org.testng.TestNGException: 
Parameter &apos;URL&apos; is required by @Test on method Firsttest4 but has not been marked @Optional or defined
in D:\Workspace2\MySeleniumProject\testng.xml
	at java.base/java.util.ArrayList.forEach(ArrayList.java:1511)
	at java.base/java.util.concurrent.FutureTask.run(FutureTask.java:264)
	at java.base/java.util.concurrent.ThreadPoolExecutor.runWorker(ThreadPoolExecutor.java:1136)
	at java.base/java.util.concurrent.ThreadPoolExecutor$Worker.run(ThreadPoolExecutor.java:635)
	at java.base/java.lang.Thread.run(Thread.java:833)
... Removed 17 stack frames</pre></div><a href='#' onClick='toggleBox("stack-trace1829234635", this, "Click to show all stack frames", "Click to hide stack frames")'>Click to show all stack frames</a>
<div class='stack-trace' id='stack-trace1829234635'><pre>org.testng.TestNGException: 
Parameter &apos;URL&apos; is required by @Test on method Firsttest4 but has not been marked @Optional or defined
in D:\Workspace2\MySeleniumProject\testng.xml
	at org.testng.internal.Parameters.createParams(Parameters.java:270)
	at org.testng.internal.Parameters.createParametersForMethod(Parameters.java:358)
	at org.testng.internal.Parameters.createParameters(Parameters.java:700)
	at org.testng.internal.Parameters.handleParameters(Parameters.java:884)
	at org.testng.internal.Parameters.handleParameters(Parameters.java:740)
	at org.testng.internal.ParameterHandler.handleParameters(ParameterHandler.java:59)
	at org.testng.internal.ParameterHandler.createParameters(ParameterHandler.java:38)
	at org.testng.internal.TestInvoker$MethodInvocationAgent.invoke(TestInvoker.java:791)
	at org.testng.internal.TestInvoker.invokeTestMethods(TestInvoker.java:146)
	at org.testng.internal.TestMethodWorker.invokeTestMethods(TestMethodWorker.java:146)
	at org.testng.internal.TestMethodWorker.run(TestMethodWorker.java:128)
	at java.base/java.util.ArrayList.forEach(ArrayList.java:1511)
	at org.testng.TestRunner.privateRun(TestRunner.java:794)
	at org.testng.TestRunner.run(TestRunner.java:596)
	at org.testng.SuiteRunner.runTest(SuiteRunner.java:377)
	at org.testng.SuiteRunner.access$000(SuiteRunner.java:28)
	at org.testng.SuiteRunner$SuiteWorker.run(SuiteRunner.java:418)
	at org.testng.internal.thread.ThreadUtil.lambda$execute$0(ThreadUtil.java:64)
	at java.base/java.util.concurrent.FutureTask.run(FutureTask.java:264)
	at java.base/java.util.concurrent.ThreadPoolExecutor.runWorker(ThreadPoolExecutor.java:1136)
	at java.base/java.util.concurrent.ThreadPoolExecutor$Worker.run(ThreadPoolExecutor.java:635)
	at java.base/java.lang.Thread.run(Thread.java:833)
</pre></div></td>
<td>0</td>
<td>com.MySeleniumProject.Tests.FirstTestClass@1151e434</td></tr>
</table><p>
<table width='100%' border='1' class='invocation-passed'>
<tr><td colspan='4' align='center'><b>PASSED TESTS</b></td></tr>
<tr><td><b>Test method</b></td>
<td width="30%"><b>Exception</b></td>
<td width="10%"><b>Time (seconds)</b></td>
<td><b>Instance</b></td>
</tr>
<tr>
<td title='com.MySeleniumProject.Tests.FirstTestClass.Firsttest2()'><b>Firsttest2</b><br>Test class: com.MySeleniumProject.Tests.FirstTestClass</td>
<td></td>
<td>0</td>
<td>com.MySeleniumProject.Tests.FirstTestClass@1151e434</td></tr>
<tr>
<td title='com.MySeleniumProject.exploration.FourthTestClass.Fourthtest1()'><b>Fourthtest1</b><br>Test class: com.MySeleniumProject.exploration.FourthTestClass</td>
<td></td>
<td>0</td>
<td>com.MySeleniumProject.exploration.FourthTestClass@273e7444</td></tr>
<tr>
<td title='com.MySeleniumProject.Tests.ThirdTestClass.Thirdtest4()'><b>Thirdtest4</b><br>Test class: com.MySeleniumProject.Tests.ThirdTestClass</td>
<td></td>
<td>0</td>
<td>com.MySeleniumProject.Tests.ThirdTestClass@7db12bb6</td></tr>
<tr>
<td title='com.MySeleniumProject.Tests.ThirdTestClass.Thirdtest2()'><b>Thirdtest2</b><br>Test class: com.MySeleniumProject.Tests.ThirdTestClass</td>
<td></td>
<td>0</td>
<td>com.MySeleniumProject.Tests.ThirdTestClass@7db12bb6</td></tr>
<tr>
<td title='com.MySeleniumProject.exploration.FourthTestClass.Fourthtest3()'><b>Fourthtest3</b><br>Test class: com.MySeleniumProject.exploration.FourthTestClass</td>
<td></td>
<td>0</td>
<td>com.MySeleniumProject.exploration.FourthTestClass@273e7444</td></tr>
<tr>
<td title='com.MySeleniumProject.Tests.FirstTestClass.Firsttest1()'><b>Firsttest1</b><br>Test class: com.MySeleniumProject.Tests.FirstTestClass</td>
<td></td>
<td>0</td>
<td>com.MySeleniumProject.Tests.FirstTestClass@1151e434</td></tr>
<tr>
<td title='com.MySeleniumProject.Tests.ThirdTestClass.Thirdtest1()'><b>Thirdtest1</b><br>Test class: com.MySeleniumProject.Tests.ThirdTestClass</td>
<td></td>
<td>0</td>
<td>com.MySeleniumProject.Tests.ThirdTestClass@7db12bb6</td></tr>
<tr>
<td title='com.MySeleniumProject.exploration.FourthTestClass.Fourthtest2()'><b>Fourthtest2</b><br>Test class: com.MySeleniumProject.exploration.FourthTestClass</td>
<td></td>
<td>0</td>
<td>com.MySeleniumProject.exploration.FourthTestClass@273e7444</td></tr>
<tr>
<td title='com.MySeleniumProject.Tests.ThirdTestClass.Thirdtest3()'><b>Thirdtest3</b><br>Test class: com.MySeleniumProject.Tests.ThirdTestClass</td>
<td></td>
<td>0</td>
<td>com.MySeleniumProject.Tests.ThirdTestClass@7db12bb6</td></tr>
<tr>
<td title='com.MySeleniumProject.exploration.FourthTestClass.Fourthtest4()'><b>Fourthtest4</b><br>Test class: com.MySeleniumProject.exploration.FourthTestClass</td>
<td></td>
<td>0</td>
<td>com.MySeleniumProject.exploration.FourthTestClass@273e7444</td></tr>
</table><p>
</body>
</html>