<?xml version="1.0" encoding="UTF-8"?>
<!-- Generated by org.testng.reporters.JUnitXMLReporter -->
<testsuite ignored="1" hostname="Asplap1704" failures="1" tests="11" name="First Test Class" time="0.135" errors="0" timestamp="2024-05-08T19:25:59 IST">
  <testcase classname="com.MySeleniumProject.Tests.FirstTestClass" name="Firsttest1" time="0.009"/>
  <testcase classname="com.MySeleniumProject.Tests.FirstTestClass" name="Firsttest2" time="0.018"/>
  <testcase classname="com.MySeleniumProject.Tests.FirstTestClass" name="Firsttest4" time="0.0">
    <failure type="org.testng.TestNGException" message="
Parameter &amp;apos;URL&amp;apos; is required by @Test on method Firsttest4 but has not been marked @Optional or defined
in D:\Workspace2\MySeleniumProject\testng.xml">
      <![CDATA[org.testng.TestNGException: 
Parameter 'URL' is required by @Test on method Firsttest4 but has not been marked @Optional or defined
in D:\Workspace2\MySeleniumProject\testng.xml
at java.base/java.util.ArrayList.forEach(ArrayList.java:1511)
at java.base/java.util.concurrent.FutureTask.run(FutureTask.java:264)
at java.base/java.util.concurrent.ThreadPoolExecutor.runWorker(ThreadPoolExecutor.java:1136)
at java.base/java.util.concurrent.ThreadPoolExecutor$Worker.run(ThreadPoolExecutor.java:635)
at java.base/java.lang.Thread.run(Thread.java:833)
... Removed 17 stack frames]]>
    </failure>
  </testcase> <!-- Firsttest4 -->
  <testcase classname="com.MySeleniumProject.exploration.FourthTestClass" name="Fourthtest1" time="0.004"/>
  <testcase classname="com.MySeleniumProject.exploration.FourthTestClass" name="Fourthtest2" time="0.003"/>
  <testcase classname="com.MySeleniumProject.exploration.FourthTestClass" name="Fourthtest3" time="0.003"/>
  <testcase classname="com.MySeleniumProject.exploration.FourthTestClass" name="Fourthtest4" time="0.003"/>
  <testcase classname="com.MySeleniumProject.Tests.ThirdTestClass" name="Thirdtest1" time="0.001"/>
  <testcase classname="com.MySeleniumProject.Tests.ThirdTestClass" name="Thirdtest2" time="0.003"/>
  <testcase classname="com.MySeleniumProject.Tests.ThirdTestClass" name="Thirdtest3" time="0.002"/>
  <testcase classname="com.MySeleniumProject.Tests.ThirdTestClass" name="Thirdtest4" time="0.001"/>
  <testcase classname="com.MySeleniumProject.Tests.FirstTestClass" name="Firsttest3" time="0.0">
    <ignored/>
  </testcase> <!-- Firsttest3 -->
</testsuite> <!-- First Test Class -->
