<?xml version="1.0" encoding="UTF-8"?>
<!-- Generated by org.testng.reporters.JUnitXMLReporter -->
<testsuite ignored="0" hostname="Asplap1704" failures="1" tests="6" name="Fourth Test Class" time="0.125" errors="0" timestamp="2024-05-08T19:25:59 IST">
  <testcase classname="com.MySeleniumProject.Tests.SecondTestClass" name="Secondtest1" time="0.006"/>
  <testcase classname="com.MySeleniumProject.Tests.SecondTestClass" name="Secondtest2" time="0.011"/>
  <testcase classname="com.MySeleniumProject.Tests.SecondTestClass" name="Secondtest2" time="0.026"/>
  <testcase classname="com.MySeleniumProject.Tests.SecondTestClass" name="Secondtest2" time="0.004"/>
  <testcase classname="com.MySeleniumProject.Tests.SecondTestClass" name="Secondtest3" time="0.001"/>
  <testcase classname="com.MySeleniumProject.Tests.SecondTestClass" name="Secondtest4" time="0.0">
    <failure type="org.testng.TestNGException" message="
Parameter &amp;apos;URL&amp;apos; is required by @Test on method Secondtest4 but has not been marked @Optional or defined
in D:\Workspace2\MySeleniumProject\testng.xml">
      <![CDATA[org.testng.TestNGException: 
Parameter 'URL' is required by @Test on method Secondtest4 but has not been marked @Optional or defined
in D:\Workspace2\MySeleniumProject\testng.xml
at java.base/java.util.ArrayList.forEach(ArrayList.java:1511)
at java.base/java.util.concurrent.FutureTask.run(FutureTask.java:264)
at java.base/java.util.concurrent.ThreadPoolExecutor.runWorker(ThreadPoolExecutor.java:1136)
at java.base/java.util.concurrent.ThreadPoolExecutor$Worker.run(ThreadPoolExecutor.java:635)
at java.base/java.lang.Thread.run(Thread.java:833)
... Removed 17 stack frames]]>
    </failure>
  </testcase> <!-- Secondtest4 -->
</testsuite> <!-- Fourth Test Class -->
